<?xml version="1.0" encoding="UTF-8"?>
<testsuite xmlns:xsi="http://www.w3.org/2001/XMLSchema-instance" xsi:noNamespaceSchemaLocation="https://maven.apache.org/surefire/maven-surefire-plugin/xsd/surefire-test-report.xsd" name="googleCrome.entrance.EntranceValidTest" time="13.671" tests="4" errors="0" skipped="0" failures="0">
  <properties>
[...]
</properties>
  <testcase name="CheckEnterancePassRecoveryTest" classname="googleCrome.entrance.EntranceValidTest" time="3.662"/>
  <testcase name="CheckEnteranceButtonRegistrationPageTest" classname="googleCrome.entrance.EntranceValidTest" time="3.565"/>
  <testcase name="CheckEnterancePersonalAccMainPageTest" classname="googleCrome.entrance.EntranceValidTest" time="3.376"/>
  <testcase name="CheckEnteranceLoginButtonMainPageTest" classname="googleCrome.entrance.EntranceValidTest" time="3.066"/>
</testsuite>